#
# There is insufficient memory for the Java Runtime Environment to continue.
# Native memory allocation (malloc) failed to allocate 32744 bytes for ChunkPool::allocate
# Possible reasons:
#   The system is out of physical RAM or swap space
#   In 32 bit mode, the process size limit was hit
# Possible solutions:
#   Reduce memory load on the system
#   Increase physical memory or swap space
#   Check if swap backing store is full
#   Use 64 bit Java on a 64 bit OS
#   Decrease Java heap size (-Xmx/-Xms)
#   Decrease number of Java threads
#   Decrease Java thread stack sizes (-Xss)
#   Set larger code cache with -XX:ReservedCodeCacheSize=
# This output file may be truncated or incomplete.
#
#  Out of Memory Error (allocation.cpp:273), pid=3524, tid=0x0000000000000af0
#
# JRE version: Java(TM) SE Runtime Environment (8.0_111-b14) (build 1.8.0_111-b14)
# Java VM: Java HotSpot(TM) 64-Bit Server VM (25.111-b14 mixed mode windows-amd64 compressed oops)
# Failed to write core dump. Minidumps are not enabled by default on client versions of Windows
#

---------------  T H R E A D  ---------------

Current thread (0x0000000054c68000):  JavaThread "C2 CompilerThread0" daemon [_thread_in_native, id=2800, stack(0x0000000055e60000,0x0000000055f60000)]

Stack: [0x0000000055e60000,0x0000000055f60000]
[error occurred during error reporting (printing stack bounds), id 0xc0000005]

Native frames: (J=compiled Java code, j=interpreted, Vv=VM code, C=native code)


Current CompileTask:
C2:  70883 6596       4       java.net.URLClassLoader$1::run (5 bytes)


---------------  P R O C E S S  ---------------

Java Threads: ( => current thread )
  0x0000000057eb3000 JavaThread "Device List Monitor" [_thread_in_native, id=1744, stack(0x000000005e1a0000,0x000000005e2a0000)]
  0x0000000057eac000 JavaThread "Monitor" [_thread_in_native, id=2188, stack(0x000000005c210000,0x000000005c310000)]
  0x0000000058d1c000 JavaThread "File lock request listener" [_thread_in_native, id=3876, stack(0x000000005af20000,0x000000005b020000)]
  0x0000000057fe6800 JavaThread "pool-1-thread-1" [_thread_blocked, id=3996, stack(0x0000000059da0000,0x0000000059ea0000)]
  0x0000000054cca800 JavaThread "Service Thread" daemon [_thread_blocked, id=3912, stack(0x0000000055f80000,0x0000000056080000)]
  0x0000000054cc7000 JavaThread "C1 CompilerThread1" daemon [_thread_blocked, id=3720, stack(0x0000000056100000,0x0000000056200000)]
=>0x0000000054c68000 JavaThread "C2 CompilerThread0" daemon [_thread_in_native, id=2800, stack(0x0000000055e60000,0x0000000055f60000)]
  0x0000000054c66800 JavaThread "Attach Listener" daemon [_thread_blocked, id=2692, stack(0x0000000055c20000,0x0000000055d20000)]
  0x0000000054c64800 JavaThread "Signal Dispatcher" daemon [_thread_blocked, id=736, stack(0x0000000055d60000,0x0000000055e60000)]
  0x0000000054c4d800 JavaThread "Finalizer" daemon [_thread_blocked, id=3064, stack(0x0000000055aa0000,0x0000000055ba0000)]
  0x0000000054c06800 JavaThread "Reference Handler" daemon [_thread_blocked, id=1136, stack(0x0000000055910000,0x0000000055a10000)]
  0x000000000035d800 JavaThread "main" [_thread_blocked, id=3580, stack(0x0000000002400000,0x0000000002500000)]

Other Threads:
  0x0000000054bfc800 VMThread [stack: 0x0000000055750000,0x0000000055850000] [id=3128]
  0x0000000054ccf000 WatcherThread [stack: 0x00000000566f0000,0x00000000567f0000] [id=2088]

VM state:at safepoint (normal execution)

VM Mutex/Monitor currently owned by a thread:  ([mutex/lock_event])
[0x000000000035be00] Threads_lock - owner thread: 0x0000000054bfc800
[0x000000000035c300] Heap_lock - owner thread: 0x000000000035d800

Heap:
 PSYoungGen      total 276480K, used 7815K [0x00000000eb400000, 0x00000000fd700000, 0x0000000100000000)
  eden space 268288K, 0% used [0x00000000eb400000,0x00000000eb400000,0x00000000fba00000)
  from space 8192K, 95% used [0x00000000fcf00000,0x00000000fd6a1f18,0x00000000fd700000)
  to   space 14848K, 0% used [0x00000000fba00000,0x00000000fba00000,0x00000000fc880000)
 ParOldGen       total 51712K, used 32574K [0x00000000c1c00000, 0x00000000c4e80000, 0x00000000eb400000)
  object space 51712K, 62% used [0x00000000c1c00000,0x00000000c3bcfbb8,0x00000000c4e80000)
 Metaspace       used 50262K, capacity 51464K, committed 51672K, reserved 1097728K
  class space    used 6916K, capacity 7263K, committed 7384K, reserved 1048576K

Card table byte_map: [0x0000000011b90000,0x0000000011d90000] byte_map_base: 0x0000000011582000

Marking Bits: (ParMarkBitMap*) 0x0000000070aaa6c0
 Begin Bits: [0x00000000121b0000, 0x0000000013140000)
 End Bits:   [0x0000000013140000, 0x00000000140d0000)

Polling page: 0x0000000000330000

CodeCache: size=245760Kb used=19504Kb max_used=19865Kb free=226255Kb
 bounds [0x00000000027d0000, 0x0000000003b50000, 0x00000000117d0000]
 total_blobs=6684 nmethods=5975 adapters=621
 compilation: enabled

Compilation events (10 events):
Event: 70.472 Thread 0x0000000054cc7000 nmethod 6591 0x0000000002dd5bd0 code [0x0000000002dd5d40, 0x0000000002dd5f88]
Event: 70.472 Thread 0x0000000054cc7000 6592       3       org.gradle.internal.logging.console.AnsiConsole$Cursor::copyFrom (23 bytes)
Event: 70.473 Thread 0x0000000054cc7000 nmethod 6592 0x00000000033db750 code [0x00000000033db8a0, 0x00000000033dba50]
Event: 70.475 Thread 0x0000000054cc7000 6593       3       java.lang.reflect.Field::set (52 bytes)
Event: 70.476 Thread 0x0000000054cc7000 nmethod 6593 0x00000000029e3590 code [0x00000000029e3760, 0x00000000029e3da8]
Event: 70.477 Thread 0x0000000054cc7000 6594   !   3       com.sun.jna.Native::getLibraryOptions (129 bytes)
Event: 70.480 Thread 0x0000000054cc7000 nmethod 6594 0x0000000003b42e50 code [0x0000000003b431e0, 0x0000000003b451f8]
Event: 70.481 Thread 0x0000000054cc7000 6595   !   3       java.io.PrintStream::flush (35 bytes)
Event: 70.482 Thread 0x0000000054cc7000 nmethod 6595 0x0000000002fb8690 code [0x0000000002fb8820, 0x0000000002fb8d98]
Event: 70.534 Thread 0x0000000054c68000 6596       4       java.net.URLClassLoader$1::run (5 bytes)

GC Heap History (10 events):
Event: 22.434 GC heap before
{Heap before GC invocations=9 (full 1):
 PSYoungGen      total 73728K, used 65024K [0x00000000eb400000, 0x00000000f4400000, 0x0000000100000000)
  eden space 65024K, 100% used [0x00000000eb400000,0x00000000ef380000,0x00000000ef380000)
  from space 8704K, 0% used [0x00000000ef380000,0x00000000ef380000,0x00000000efc00000)
  to   space 8704K, 0% used [0x00000000f3b80000,0x00000000f3b80000,0x00000000f4400000)
 ParOldGen       total 31744K, used 9013K [0x00000000c1c00000, 0x00000000c3b00000, 0x00000000eb400000)
  object space 31744K, 28% used [0x00000000c1c00000,0x00000000c24cd780,0x00000000c3b00000)
 Metaspace       used 26461K, capacity 26864K, committed 27264K, reserved 1073152K
  class space    used 3722K, capacity 3892K, committed 3968K, reserved 1048576K
Event: 22.451 GC heap after
Heap after GC invocations=9 (full 1):
 PSYoungGen      total 130560K, used 6421K [0x00000000eb400000, 0x00000000f4200000, 0x0000000100000000)
  eden space 123904K, 0% used [0x00000000eb400000,0x00000000eb400000,0x00000000f2d00000)
  from space 6656K, 96% used [0x00000000f3b80000,0x00000000f41c5400,0x00000000f4200000)
  to   space 8704K, 0% used [0x00000000f3100000,0x00000000f3100000,0x00000000f3980000)
 ParOldGen       total 31744K, used 9021K [0x00000000c1c00000, 0x00000000c3b00000, 0x00000000eb400000)
  object space 31744K, 28% used [0x00000000c1c00000,0x00000000c24cf780,0x00000000c3b00000)
 Metaspace       used 26461K, capacity 26864K, committed 27264K, reserved 1073152K
  class space    used 3722K, capacity 3892K, committed 3968K, reserved 1048576K
}
Event: 27.412 GC heap before
{Heap before GC invocations=10 (full 1):
 PSYoungGen      total 130560K, used 130325K [0x00000000eb400000, 0x00000000f4200000, 0x0000000100000000)
  eden space 123904K, 100% used [0x00000000eb400000,0x00000000f2d00000,0x00000000f2d00000)
  from space 6656K, 96% used [0x00000000f3b80000,0x00000000f41c5400,0x00000000f4200000)
  to   space 8704K, 0% used [0x00000000f3100000,0x00000000f3100000,0x00000000f3980000)
 ParOldGen       total 31744K, used 9021K [0x00000000c1c00000, 0x00000000c3b00000, 0x00000000eb400000)
  object space 31744K, 28% used [0x00000000c1c00000,0x00000000c24cf780,0x00000000c3b00000)
 Metaspace       used 34124K, capacity 34636K, committed 35072K, reserved 1079296K
  class space    used 4680K, capacity 4816K, committed 4864K, reserved 1048576K
Event: 27.452 GC heap after
Heap after GC invocations=10 (full 1):
 PSYoungGen      total 136704K, used 8674K [0x00000000eb400000, 0x00000000f8500000, 0x0000000100000000)
  eden space 128000K, 0% used [0x00000000eb400000,0x00000000eb400000,0x00000000f3100000)
  from space 8704K, 99% used [0x00000000f3100000,0x00000000f3978a98,0x00000000f3980000)
  to   space 12288K, 0% used [0x00000000f7900000,0x00000000f7900000,0x00000000f8500000)
 ParOldGen       total 31744K, used 14561K [0x00000000c1c00000, 0x00000000c3b00000, 0x00000000eb400000)
  object space 31744K, 45% used [0x00000000c1c00000,0x00000000c2a38760,0x00000000c3b00000)
 Metaspace       used 34124K, capacity 34636K, committed 35072K, reserved 1079296K
  class space    used 4680K, capacity 4816K, committed 4864K, reserved 1048576K
}
Event: 27.957 GC heap before
{Heap before GC invocations=11 (full 1):
 PSYoungGen      total 136704K, used 31651K [0x00000000eb400000, 0x00000000f8500000, 0x0000000100000000)
  eden space 128000K, 17% used [0x00000000eb400000,0x00000000eca702f0,0x00000000f3100000)
  from space 8704K, 99% used [0x00000000f3100000,0x00000000f3978a98,0x00000000f3980000)
  to   space 12288K, 0% used [0x00000000f7900000,0x00000000f7900000,0x00000000f8500000)
 ParOldGen       total 31744K, used 14561K [0x00000000c1c00000, 0x00000000c3b00000, 0x00000000eb400000)
  object space 31744K, 45% used [0x00000000c1c00000,0x00000000c2a38760,0x00000000c3b00000)
 Metaspace       used 34510K, capacity 35106K, committed 35416K, reserved 1079296K
  class space    used 4749K, capacity 4930K, committed 4952K, reserved 1048576K
Event: 28.041 GC heap after
Heap after GC invocations=11 (full 1):
 PSYoungGen      total 201216K, used 9574K [0x00000000eb400000, 0x00000000f8c80000, 0x0000000100000000)
  eden space 188928K, 0% used [0x00000000eb400000,0x00000000eb400000,0x00000000f6c80000)
  from space 12288K, 77% used [0x00000000f7900000,0x00000000f8259aa0,0x00000000f8500000)
  to   space 12800K, 0% used [0x00000000f6c80000,0x00000000f6c80000,0x00000000f7900000)
 ParOldGen       total 31744K, used 16345K [0x00000000c1c00000, 0x00000000c3b00000, 0x00000000eb400000)
  object space 31744K, 51% used [0x00000000c1c00000,0x00000000c2bf6770,0x00000000c3b00000)
 Metaspace       used 34510K, capacity 35106K, committed 35416K, reserved 1079296K
  class space    used 4749K, capacity 4930K, committed 4952K, reserved 1048576K
}
Event: 28.041 GC heap before
{Heap before GC invocations=12 (full 2):
 PSYoungGen      total 201216K, used 9574K [0x00000000eb400000, 0x00000000f8c80000, 0x0000000100000000)
  eden space 188928K, 0% used [0x00000000eb400000,0x00000000eb400000,0x00000000f6c80000)
  from space 12288K, 77% used [0x00000000f7900000,0x00000000f8259aa0,0x00000000f8500000)
  to   space 12800K, 0% used [0x00000000f6c80000,0x00000000f6c80000,0x00000000f7900000)
 ParOldGen       total 31744K, used 16345K [0x00000000c1c00000, 0x00000000c3b00000, 0x00000000eb400000)
  object space 31744K, 51% used [0x00000000c1c00000,0x00000000c2bf6770,0x00000000c3b00000)
 Metaspace       used 34510K, capacity 35106K, committed 35416K, reserved 1079296K
  class space    used 4749K, capacity 4930K, committed 4952K, reserved 1048576K
Event: 28.556 GC heap after
Heap after GC invocations=12 (full 2):
 PSYoungGen      total 201216K, used 0K [0x00000000eb400000, 0x00000000f8c80000, 0x0000000100000000)
  eden space 188928K, 0% used [0x00000000eb400000,0x00000000eb400000,0x00000000f6c80000)
  from space 12288K, 0% used [0x00000000f7900000,0x00000000f7900000,0x00000000f8500000)
  to   space 12800K, 0% used [0x00000000f6c80000,0x00000000f6c80000,0x00000000f7900000)
 ParOldGen       total 51712K, used 23841K [0x00000000c1c00000, 0x00000000c4e80000, 0x00000000eb400000)
  object space 51712K, 46% used [0x00000000c1c00000,0x00000000c3348628,0x00000000c4e80000)
 Metaspace       used 34510K, capacity 35106K, committed 35416K, reserved 1079296K
  class space    used 4749K, capacity 4930K, committed 4952K, reserved 1048576K
}
Event: 42.724 GC heap before
{Heap before GC invocations=13 (full 2):
 PSYoungGen      total 201216K, used 188928K [0x00000000eb400000, 0x00000000f8c80000, 0x0000000100000000)
  eden space 188928K, 100% used [0x00000000eb400000,0x00000000f6c80000,0x00000000f6c80000)
  from space 12288K, 0% used [0x00000000f7900000,0x00000000f7900000,0x00000000f8500000)
  to   space 12800K, 0% used [0x00000000f6c80000,0x00000000f6c80000,0x00000000f7900000)
 ParOldGen       total 51712K, used 23841K [0x00000000c1c00000, 0x00000000c4e80000, 0x00000000eb400000)
  object space 51712K, 46% used [0x00000000c1c00000,0x00000000c3348628,0x00000000c4e80000)
 Metaspace       used 44397K, capacity 45484K, committed 45656K, reserved 1089536K
  class space    used 6171K, capacity 6485K, committed 6488K, reserved 1048576K
Event: 42.799 GC heap after
Heap after GC invocations=13 (full 2):
 PSYoungGen      total 201728K, used 12786K [0x00000000eb400000, 0x00000000fde00000, 0x0000000100000000)
  eden space 188928K, 0% used [0x00000000eb400000,0x00000000eb400000,0x00000000f6c80000)
  from space 12800K, 99% used [0x00000000f6c80000,0x00000000f78fca30,0x00000000f7900000)
  to   space 15360K, 0% used [0x00000000fcf00000,0x00000000fcf00000,0x00000000fde00000)
 ParOldGen       total 51712K, used 25310K [0x00000000c1c00000, 0x00000000c4e80000, 0x00000000eb400000)
  object space 51712K, 48% used [0x00000000c1c00000,0x00000000c34b78f8,0x00000000c4e80000)
 Metaspace       used 44397K, capacity 45484K, committed 45656K, reserved 1089536K
  class space    used 6171K, capacity 6485K, committed 6488K, reserved 1048576K
}

Deoptimization events (10 events):
Event: 50.066 Thread 0x000000000035d800 Uncommon trap: reason=unstable_if action=reinterpret pc=0x00000000039d1dd0 method=org.gradle.api.internal.file.pattern.PatternMatcherFactory$PathMatcherBackedSpec.isSatisfiedBy(Lorg/gradle/api/file/RelativePath;)Z @ 11
Event: 50.067 Thread 0x000000000035d800 Uncommon trap: reason=unstable_if action=reinterpret pc=0x00000000030a281c method=org.gradle.api.internal.file.pattern.PatternMatcherFactory$PathMatcherBackedSpec.isSatisfiedBy(Lorg/gradle/api/file/RelativePath;)Z @ 11
Event: 50.067 Thread 0x000000000035d800 Uncommon trap: reason=unstable_if action=reinterpret pc=0x0000000002fb80c4 method=org.gradle.api.internal.file.pattern.FixedStepsPathMatcher.matches([Ljava/lang/String;I)Z @ 70
Event: 50.284 Thread 0x000000000035d800 Uncommon trap: reason=unstable_if action=reinterpret pc=0x0000000002ad2584 method=org.gradle.api.internal.file.pattern.FixedStepsPathMatcher.matches([Ljava/lang/String;I)Z @ 70
Event: 50.297 Thread 0x000000000035d800 Uncommon trap: reason=predicate action=maybe_recompile pc=0x0000000003ace844 method=java.util.TimSort.binarySort([Ljava/lang/Object;IIILjava/util/Comparator;)V @ 37
Event: 51.240 Thread 0x000000000035d800 Uncommon trap: reason=array_check action=maybe_recompile pc=0x0000000003af99b8 method=java.util.TimSort.binarySort([Ljava/lang/Object;IIILjava/util/Comparator;)V @ 183
Event: 51.271 Thread 0x000000000035d800 Uncommon trap: reason=array_check action=maybe_recompile pc=0x0000000003af98d4 method=java.util.TimSort.binarySort([Ljava/lang/Object;IIILjava/util/Comparator;)V @ 193
Event: 51.422 Thread 0x0000000057eac000 Uncommon trap: reason=bimorphic action=maybe_recompile pc=0x0000000003473c28 method=java.util.AbstractList$Itr.next()Ljava/lang/Object; @ 14
Event: 51.657 Thread 0x00000000582df800 Uncommon trap: reason=unstable_if action=reinterpret pc=0x0000000003931df4 method=java.lang.AbstractStringBuilder.append(I)Ljava/lang/AbstractStringBuilder; @ 16
Event: 55.147 Thread 0x000000000035d800 Uncommon trap: reason=unstable_if action=reinterpret pc=0x0000000002948174 method=com.android.ddmlib.AdbHelper.executeRemoteCommand(Ljava/net/InetSocketAddress;Lcom/android/ddmlib/AdbHelper$AdbService;Ljava/lang/String;Lcom/android/ddmlib/IDevice;Lcom/and

Internal exceptions (10 events):
Event: 43.763 Thread 0x000000000035d800 Exception <a 'java/lang/ClassNotFoundException': org/apache/tools/ant/taskdefs/condition/OsBeanInfo> (0x00000000ecb8dd68) thrown at [C:\re\workspace\8-2-build-windows-amd64-cygwin\jdk8u111\7883\hotspot\src\share\vm\classfile\systemDictionary.cpp, line 210
Event: 43.763 Thread 0x000000000035d800 Exception <a 'java/lang/ClassNotFoundException': org/apache/tools/ant/taskdefs/condition/OsCustomizer> (0x00000000ecb97ef0) thrown at [C:\re\workspace\8-2-build-windows-amd64-cygwin\jdk8u111\7883\hotspot\src\share\vm\classfile\systemDictionary.cpp, line 2
Event: 43.873 Thread 0x000000000035d800 Exception <a 'java/lang/ClassNotFoundException': org/gradle/platform/base/BinaryContainer_ImplBeanInfo> (0x00000000ecef1610) thrown at [C:\re\workspace\8-2-build-windows-amd64-cygwin\jdk8u111\7883\hotspot\src\share\vm\classfile\systemDictionary.cpp, line 
Event: 43.873 Thread 0x000000000035d800 Exception <a 'java/lang/ClassNotFoundException': org/gradle/model/internal/core/NodeBackedModelMapBeanInfo> (0x00000000ecf01028) thrown at [C:\re\workspace\8-2-build-windows-amd64-cygwin\jdk8u111\7883\hotspot\src\share\vm\classfile\systemDictionary.cpp, l
Event: 43.874 Thread 0x000000000035d800 Exception <a 'java/lang/ClassNotFoundException': org/gradle/model/internal/core/ModelMapGroovyViewBeanInfo> (0x00000000ecf10a40) thrown at [C:\re\workspace\8-2-build-windows-amd64-cygwin\jdk8u111\7883\hotspot\src\share\vm\classfile\systemDictionary.cpp, l
Event: 43.875 Thread 0x000000000035d800 Exception <a 'java/lang/ClassNotFoundException': org/gradle/model/internal/core/ModelMapGroovyViewCustomizer> (0x00000000ecf20df0) thrown at [C:\re\workspace\8-2-build-windows-amd64-cygwin\jdk8u111\7883\hotspot\src\share\vm\classfile\systemDictionary.cpp,
Event: 43.878 Thread 0x000000000035d800 Exception <a 'java/lang/ClassNotFoundException': org/gradle/model/internal/core/NodeBackedModelMapCustomizer> (0x00000000ecf44630) thrown at [C:\re\workspace\8-2-build-windows-amd64-cygwin\jdk8u111\7883\hotspot\src\share\vm\classfile\systemDictionary.cpp,
Event: 43.882 Thread 0x000000000035d800 Exception <a 'java/lang/ClassNotFoundException': org/gradle/platform/base/BinaryContainer_ImplCustomizer> (0x00000000ecfa0d50) thrown at [C:\re\workspace\8-2-build-windows-amd64-cygwin\jdk8u111\7883\hotspot\src\share\vm\classfile\systemDictionary.cpp, lin
Event: 46.695 Thread 0x000000000035d800 Implicit null exception at 0x00000000037e3b8c to 0x00000000037e3bfd
Event: 46.857 Thread 0x000000000035d800 Implicit null exception at 0x0000000002ed86e8 to 0x0000000002ed896d

Events (10 events):
Event: 70.611 loading class com/google/protobuf/LiteralByteString
Event: 70.611 loading class com/google/protobuf/LiteralByteString done
Event: 70.613 loading class com/google/protobuf/BoundedByteString
Event: 70.613 loading class com/google/protobuf/BoundedByteString done
Event: 70.614 loading class com/google/protobuf/ByteString$ByteIterator
Event: 70.614 loading class com/google/protobuf/ByteString$ByteIterator done
Event: 70.615 loading class com/google/wireless/android/play/playlog/proto/ClientAnalytics$AppUsage1pLogEvent
Event: 70.615 loading class com/google/wireless/android/play/playlog/proto/ClientAnalytics$AppUsage1pLogEvent done
Event: 70.617 loading class com/google/wireless/android/play/playlog/proto/ClientAnalytics$AppUsage1pLogEvent$1
Event: 70.617 loading class com/google/wireless/android/play/playlog/proto/ClientAnalytics$AppUsage1pLogEvent$1 done


Dynamic libraries:
0x000000013fd60000 - 0x000000013fd97000 	C:\ProgramData\Oracle\Java\javapath\java.exe
0x00000000776c0000 - 0x0000000077869000 	C:\Windows\SYSTEM32\ntdll.dll
0x00000000774a0000 - 0x00000000775bf000 	C:\Windows\system32\kernel32.dll
0x000007fefd940000 - 0x000007fefd9ac000 	C:\Windows\system32\KERNELBASE.dll
0x000007fefd9f0000 - 0x000007fefdacb000 	C:\Windows\system32\ADVAPI32.dll
0x000007feff680000 - 0x000007feff71f000 	C:\Windows\system32\msvcrt.dll
0x000007fefd9d0000 - 0x000007fefd9ef000 	C:\Windows\SYSTEM32\sechost.dll
0x000007feff540000 - 0x000007feff66d000 	C:\Windows\system32\RPCRT4.dll
0x00000000775c0000 - 0x00000000776ba000 	C:\Windows\system32\USER32.dll
0x000007feff960000 - 0x000007feff9c7000 	C:\Windows\system32\GDI32.dll
0x000007feff670000 - 0x000007feff67e000 	C:\Windows\system32\LPK.dll
0x000007fefe260000 - 0x000007fefe329000 	C:\Windows\system32\USP10.dll
0x000007fefc090000 - 0x000007fefc284000 	C:\Windows\WinSxS\amd64_microsoft.windows.common-controls_6595b64144ccf1df_6.0.7601.17514_none_fa396087175ac9ac\COMCTL32.dll
0x000007feff720000 - 0x000007feff791000 	C:\Windows\system32\SHLWAPI.dll
0x000007feff320000 - 0x000007feff34e000 	C:\Windows\system32\IMM32.DLL
0x000007feff350000 - 0x000007feff459000 	C:\Windows\system32\MSCTF.dll
0x0000000070b30000 - 0x0000000070c02000 	C:\Program Files\Java\jre1.8.0_111\bin\msvcr100.dll
0x0000000070290000 - 0x0000000070b2a000 	C:\Program Files\Java\jre1.8.0_111\bin\server\jvm.dll
0x000007fee7710000 - 0x000007fee7719000 	C:\Windows\system32\WSOCK32.dll
0x000007fefdad0000 - 0x000007fefdb1d000 	C:\Windows\system32\WS2_32.dll
0x000007feff7c0000 - 0x000007feff7c8000 	C:\Windows\system32\NSI.dll
0x000007fefb440000 - 0x000007fefb47b000 	C:\Windows\system32\WINMM.dll
0x000007fefc720000 - 0x000007fefc72c000 	C:\Windows\system32\VERSION.dll
0x0000000077880000 - 0x0000000077887000 	C:\Windows\system32\PSAPI.DLL
0x0000000070280000 - 0x000000007028f000 	C:\Program Files\Java\jre1.8.0_111\bin\verify.dll
0x0000000070250000 - 0x0000000070279000 	C:\Program Files\Java\jre1.8.0_111\bin\java.dll
0x0000000070230000 - 0x0000000070246000 	C:\Program Files\Java\jre1.8.0_111\bin\zip.dll
0x000007fefe330000 - 0x000007feff0b9000 	C:\Windows\system32\SHELL32.dll
0x000007fefe050000 - 0x000007fefe253000 	C:\Windows\system32\ole32.dll
0x000007fefd5c0000 - 0x000007fefd5cf000 	C:\Windows\system32\profapi.dll
0x0000000070210000 - 0x000000007022a000 	C:\Program Files\Java\jre1.8.0_111\bin\net.dll
0x000007fefcdf0000 - 0x000007fefce45000 	C:\Windows\system32\mswsock.dll
0x000007fefcde0000 - 0x000007fefcde7000 	C:\Windows\System32\wship6.dll
0x00000000701f0000 - 0x0000000070201000 	C:\Program Files\Java\jre1.8.0_111\bin\nio.dll
0x000007fedb800000 - 0x000007fedb812000 	C:\Users\ed\.gradle\native\19\windows-amd64\native-platform.dll
0x0000000180000000 - 0x0000000180037000 	C:\Users\ed\.gradle\native\jna\win32-amd64\jnidispatch.dll
0x000007fefce50000 - 0x000007fefce68000 	C:\Windows\system32\CRYPTSP.dll
0x000007fefcb50000 - 0x000007fefcb97000 	C:\Windows\system32\rsaenh.dll
0x000007fefc900000 - 0x000007fefc91e000 	C:\Windows\system32\USERENV.dll
0x000007fefd450000 - 0x000007fefd45f000 	C:\Windows\system32\CRYPTBASE.dll
0x000007fefa9a0000 - 0x000007fefa9c7000 	C:\Windows\system32\IPHLPAPI.DLL
0x000007fefa980000 - 0x000007fefa98b000 	C:\Windows\system32\WINNSI.DLL
0x000007fefa790000 - 0x000007fefa7a1000 	C:\Windows\system32\dhcpcsvc6.DLL
0x000007fefa770000 - 0x000007fefa788000 	C:\Windows\system32\dhcpcsvc.DLL
0x00000000701e0000 - 0x00000000701ed000 	C:\Program Files\Java\jre1.8.0_111\bin\management.dll
0x000007fefd500000 - 0x000007fefd557000 	C:\Windows\system32\apphelp.dll

VM Arguments:
jvm_args: -Dorg.gradle.appname=gradlew 
java_command: org.gradle.wrapper.GradleWrapperMain installDebug
java_class_path (initial): C:\!DISK\GitHub\Socket\rn-socket\android\\gradle\wrapper\gradle-wrapper.jar
Launcher Type: SUN_STANDARD

Environment Variables:
CLASSPATH=C:\!DISK\GitHub\Socket\rn-socket\android\\gradle\wrapper\gradle-wrapper.jar
PATH=C:\ProgramData\Oracle\Java\javapath;C:\Windows\system32;C:\Windows;C:\Windows\System32\Wbem;C:\Windows\System32\WindowsPowerShell\v1.0\;C:\Program Files (x86)\Skype\Phone\;C:\Program Files\Git\cmd;C:\Program Files\nodejs\;C:\Users\ed\AppData\Roaming\npm;C:\Program Files\Heroku\bin;C:\Program Files\Java\jdk1.8.0_111\bin
USERNAME=ed
OS=Windows_NT
PROCESSOR_IDENTIFIER=Intel64 Family 6 Model 55 Stepping 8, GenuineIntel



---------------  S Y S T E M  ---------------

OS: Windows 7 , 64 bit Build 7601 (6.1.7601.18409)

CPU:total 2 (2 cores per cpu, 1 threads per core) family 6 model 55 stepping 8, cmov, cx8, fxsr, mmx, sse, sse2, sse3, ssse3, sse4.1, sse4.2, popcnt, clmul, erms, 3dnowpref, tsc, tscinvbit

Memory: 4k page, physical 4075892k(284780k free), swap 5098036k(6420k free)

vm_info: Java HotSpot(TM) 64-Bit Server VM (25.111-b14) for windows-amd64 JRE (1.8.0_111-b14), built on Sep 22 2016 19:24:05 by "java_re" with MS VC++ 10.0 (VS2010)

time: Thu Mar 30 12:53:27 2017
elapsed time: 70 seconds (0d 0h 1m 10s)

